[2020-02-05 18:10:07,408] INFO Reading configuration from: config\zookeeper.properties (org.apache.zookeeper.server.quorum.QuorumPeerConfig)
[2020-02-05 18:10:07,412] WARN config\zookeeper.properties is relative. Prepend .\ to indicate that you're sure! (org.apache.zookeeper.server.quorum.QuorumPeerConfig)
[2020-02-05 18:10:07,417] INFO clientPortAddress is 0.0.0.0/0.0.0.0:2181 (org.apache.zookeeper.server.quorum.QuorumPeerConfig)
[2020-02-05 18:10:07,417] INFO secureClientPort is not set (org.apache.zookeeper.server.quorum.QuorumPeerConfig)
[2020-02-05 18:10:07,422] INFO autopurge.snapRetainCount set to 3 (org.apache.zookeeper.server.DatadirCleanupManager)
[2020-02-05 18:10:07,423] INFO autopurge.purgeInterval set to 0 (org.apache.zookeeper.server.DatadirCleanupManager)
[2020-02-05 18:10:07,423] INFO Purge task is not scheduled. (org.apache.zookeeper.server.DatadirCleanupManager)
[2020-02-05 18:10:07,423] WARN Either no config or no quorum defined in config, running  in standalone mode (org.apache.zookeeper.server.quorum.QuorumPeerMain)
[2020-02-05 18:10:07,425] INFO Log4j found with jmx enabled. (org.apache.zookeeper.jmx.ManagedUtil)
[2020-02-05 18:10:07,445] INFO Reading configuration from: config\zookeeper.properties (org.apache.zookeeper.server.quorum.QuorumPeerConfig)
[2020-02-05 18:10:07,445] WARN config\zookeeper.properties is relative. Prepend .\ to indicate that you're sure! (org.apache.zookeeper.server.quorum.QuorumPeerConfig)
[2020-02-05 18:10:07,449] INFO clientPortAddress is 0.0.0.0/0.0.0.0:2181 (org.apache.zookeeper.server.quorum.QuorumPeerConfig)
[2020-02-05 18:10:07,450] INFO secureClientPort is not set (org.apache.zookeeper.server.quorum.QuorumPeerConfig)
[2020-02-05 18:10:07,452] INFO Starting server (org.apache.zookeeper.server.ZooKeeperServerMain)
[2020-02-05 18:10:07,457] INFO zookeeper.snapshot.trust.empty : false (org.apache.zookeeper.server.persistence.FileTxnSnapLog)
[2020-02-05 18:10:07,483] INFO Server environment:zookeeper.version=3.5.6-c11b7e26bc554b8523dc929761dd28808913f091, built on 10/08/2019 20:18 GMT (org.apache.zookeeper.server.ZooKeeperServer)
[2020-02-05 18:10:07,483] INFO Server environment:host.name=TiN (org.apache.zookeeper.server.ZooKeeperServer)
[2020-02-05 18:10:07,486] INFO Server environment:java.version=1.8.0_221 (org.apache.zookeeper.server.ZooKeeperServer)
[2020-02-05 18:10:07,489] INFO Server environment:java.vendor=Oracle Corporation (org.apache.zookeeper.server.ZooKeeperServer)
[2020-02-05 18:10:07,489] INFO Server environment:java.home=C:\Program Files\Java\jdk1.8.0_221\jre (org.apache.zookeeper.server.ZooKeeperServer)
[2020-02-05 18:10:07,490] INFO Server environment:java.class.path=D:\Workspace\Golearn\kafka_2.13-2.4.0\libs\activation-1.1.1.jar;D:\Workspace\Golearn\kafka_2.13-2.4.0\libs\aopalliance-repackaged-2.5.0.jar;D:\Workspace\Golearn\kafka_2.13-2.4.0\libs\argparse4j-0.7.0.jar;D:\Workspace\Golearn\kafka_2.13-2.4.0\libs\audience-annotations-0.5.0.jar;D:\Workspace\Golearn\kafka_2.13-2.4.0\libs\commons-cli-1.4.jar;D:\Workspace\Golearn\kafka_2.13-2.4.0\libs\commons-lang3-3.8.1.jar;D:\Workspace\Golearn\kafka_2.13-2.4.0\libs\connect-api-2.4.0.jar;D:\Workspace\Golearn\kafka_2.13-2.4.0\libs\connect-basic-auth-extension-2.4.0.jar;D:\Workspace\Golearn\kafka_2.13-2.4.0\libs\connect-file-2.4.0.jar;D:\Workspace\Golearn\kafka_2.13-2.4.0\libs\connect-json-2.4.0.jar;D:\Workspace\Golearn\kafka_2.13-2.4.0\libs\connect-mirror-2.4.0.jar;D:\Workspace\Golearn\kafka_2.13-2.4.0\libs\connect-mirror-client-2.4.0.jar;D:\Workspace\Golearn\kafka_2.13-2.4.0\libs\connect-runtime-2.4.0.jar;D:\Workspace\Golearn\kafka_2.13-2.4.0\libs\connect-transforms-2.4.0.jar;D:\Workspace\Golearn\kafka_2.13-2.4.0\libs\guava-20.0.jar;D:\Workspace\Golearn\kafka_2.13-2.4.0\libs\hk2-api-2.5.0.jar;D:\Workspace\Golearn\kafka_2.13-2.4.0\libs\hk2-locator-2.5.0.jar;D:\Workspace\Golearn\kafka_2.13-2.4.0\libs\hk2-utils-2.5.0.jar;D:\Workspace\Golearn\kafka_2.13-2.4.0\libs\jackson-annotations-2.10.0.jar;D:\Workspace\Golearn\kafka_2.13-2.4.0\libs\jackson-core-2.10.0.jar;D:\Workspace\Golearn\kafka_2.13-2.4.0\libs\jackson-databind-2.10.0.jar;D:\Workspace\Golearn\kafka_2.13-2.4.0\libs\jackson-dataformat-csv-2.10.0.jar;D:\Workspace\Golearn\kafka_2.13-2.4.0\libs\jackson-datatype-jdk8-2.10.0.jar;D:\Workspace\Golearn\kafka_2.13-2.4.0\libs\jackson-jaxrs-base-2.10.0.jar;D:\Workspace\Golearn\kafka_2.13-2.4.0\libs\jackson-jaxrs-json-provider-2.10.0.jar;D:\Workspace\Golearn\kafka_2.13-2.4.0\libs\jackson-module-jaxb-annotations-2.10.0.jar;D:\Workspace\Golearn\kafka_2.13-2.4.0\libs\jackson-module-paranamer-2.10.0.jar;D:\Workspace\Golearn\kafka_2.13-2.4.0\libs\jackson-module-scala_2.13-2.10.0.jar;D:\Workspace\Golearn\kafka_2.13-2.4.0\libs\jakarta.activation-api-1.2.1.jar;D:\Workspace\Golearn\kafka_2.13-2.4.0\libs\jakarta.annotation-api-1.3.4.jar;D:\Workspace\Golearn\kafka_2.13-2.4.0\libs\jakarta.inject-2.5.0.jar;D:\Workspace\Golearn\kafka_2.13-2.4.0\libs\jakarta.ws.rs-api-2.1.5.jar;D:\Workspace\Golearn\kafka_2.13-2.4.0\libs\jakarta.xml.bind-api-2.3.2.jar;D:\Workspace\Golearn\kafka_2.13-2.4.0\libs\javassist-3.22.0-CR2.jar;D:\Workspace\Golearn\kafka_2.13-2.4.0\libs\javax.servlet-api-3.1.0.jar;D:\Workspace\Golearn\kafka_2.13-2.4.0\libs\javax.ws.rs-api-2.1.1.jar;D:\Workspace\Golearn\kafka_2.13-2.4.0\libs\jaxb-api-2.3.0.jar;D:\Workspace\Golearn\kafka_2.13-2.4.0\libs\jersey-client-2.28.jar;D:\Workspace\Golearn\kafka_2.13-2.4.0\libs\jersey-common-2.28.jar;D:\Workspace\Golearn\kafka_2.13-2.4.0\libs\jersey-container-servlet-2.28.jar;D:\Workspace\Golearn\kafka_2.13-2.4.0\libs\jersey-container-servlet-core-2.28.jar;D:\Workspace\Golearn\kafka_2.13-2.4.0\libs\jersey-hk2-2.28.jar;D:\Workspace\Golearn\kafka_2.13-2.4.0\libs\jersey-media-jaxb-2.28.jar;D:\Workspace\Golearn\kafka_2.13-2.4.0\libs\jersey-server-2.28.jar;D:\Workspace\Golearn\kafka_2.13-2.4.0\libs\jetty-client-9.4.20.v20190813.jar;D:\Workspace\Golearn\kafka_2.13-2.4.0\libs\jetty-continuation-9.4.20.v20190813.jar;D:\Workspace\Golearn\kafka_2.13-2.4.0\libs\jetty-http-9.4.20.v20190813.jar;D:\Workspace\Golearn\kafka_2.13-2.4.0\libs\jetty-io-9.4.20.v20190813.jar;D:\Workspace\Golearn\kafka_2.13-2.4.0\libs\jetty-security-9.4.20.v20190813.jar;D:\Workspace\Golearn\kafka_2.13-2.4.0\libs\jetty-server-9.4.20.v20190813.jar;D:\Workspace\Golearn\kafka_2.13-2.4.0\libs\jetty-servlet-9.4.20.v20190813.jar;D:\Workspace\Golearn\kafka_2.13-2.4.0\libs\jetty-servlets-9.4.20.v20190813.jar;D:\Workspace\Golearn\kafka_2.13-2.4.0\libs\jetty-util-9.4.20.v20190813.jar;D:\Workspace\Golearn\kafka_2.13-2.4.0\libs\jopt-simple-5.0.4.jar;D:\Workspace\Golearn\kafka_2.13-2.4.0\libs\kafka-clients-2.4.0.jar;D:\Workspace\Golearn\kafka_2.13-2.4.0\libs\kafka-log4j-appender-2.4.0.jar;D:\Workspace\Golearn\kafka_2.13-2.4.0\libs\kafka-streams-2.4.0.jar;D:\Workspace\Golearn\kafka_2.13-2.4.0\libs\kafka-streams-examples-2.4.0.jar;D:\Workspace\Golearn\kafka_2.13-2.4.0\libs\kafka-streams-scala_2.13-2.4.0.jar;D:\Workspace\Golearn\kafka_2.13-2.4.0\libs\kafka-streams-test-utils-2.4.0.jar;D:\Workspace\Golearn\kafka_2.13-2.4.0\libs\kafka-tools-2.4.0.jar;D:\Workspace\Golearn\kafka_2.13-2.4.0\libs\kafka_2.13-2.4.0-javadoc.jar;D:\Workspace\Golearn\kafka_2.13-2.4.0\libs\kafka_2.13-2.4.0-javadoc.jar.asc;D:\Workspace\Golearn\kafka_2.13-2.4.0\libs\kafka_2.13-2.4.0-scaladoc.jar;D:\Workspace\Golearn\kafka_2.13-2.4.0\libs\kafka_2.13-2.4.0-scaladoc.jar.asc;D:\Workspace\Golearn\kafka_2.13-2.4.0\libs\kafka_2.13-2.4.0-sources.jar;D:\Workspace\Golearn\kafka_2.13-2.4.0\libs\kafka_2.13-2.4.0-sources.jar.asc;D:\Workspace\Golearn\kafka_2.13-2.4.0\libs\kafka_2.13-2.4.0-test-sources.jar;D:\Workspace\Golearn\kafka_2.13-2.4.0\libs\kafka_2.13-2.4.0-test-sources.jar.asc;D:\Workspace\Golearn\kafka_2.13-2.4.0\libs\kafka_2.13-2.4.0-test.jar;D:\Workspace\Golearn\kafka_2.13-2.4.0\libs\kafka_2.13-2.4.0-test.jar.asc;D:\Workspace\Golearn\kafka_2.13-2.4.0\libs\kafka_2.13-2.4.0.jar;D:\Workspace\Golearn\kafka_2.13-2.4.0\libs\kafka_2.13-2.4.0.jar.asc;D:\Workspace\Golearn\kafka_2.13-2.4.0\libs\log4j-1.2.17.jar;D:\Workspace\Golearn\kafka_2.13-2.4.0\libs\lz4-java-1.6.0.jar;D:\Workspace\Golearn\kafka_2.13-2.4.0\libs\maven-artifact-3.6.1.jar;D:\Workspace\Golearn\kafka_2.13-2.4.0\libs\metrics-core-2.2.0.jar;D:\Workspace\Golearn\kafka_2.13-2.4.0\libs\netty-buffer-4.1.42.Final.jar;D:\Workspace\Golearn\kafka_2.13-2.4.0\libs\netty-codec-4.1.42.Final.jar;D:\Workspace\Golearn\kafka_2.13-2.4.0\libs\netty-common-4.1.42.Final.jar;D:\Workspace\Golearn\kafka_2.13-2.4.0\libs\netty-handler-4.1.42.Final.jar;D:\Workspace\Golearn\kafka_2.13-2.4.0\libs\netty-resolver-4.1.42.Final.jar;D:\Workspace\Golearn\kafka_2.13-2.4.0\libs\netty-transport-4.1.42.Final.jar;D:\Workspace\Golearn\kafka_2.13-2.4.0\libs\netty-transport-native-epoll-4.1.42.Final.jar;D:\Workspace\Golearn\kafka_2.13-2.4.0\libs\netty-transport-native-unix-common-4.1.42.Final.jar;D:\Workspace\Golearn\kafka_2.13-2.4.0\libs\osgi-resource-locator-1.0.1.jar;D:\Workspace\Golearn\kafka_2.13-2.4.0\libs\paranamer-2.8.jar;D:\Workspace\Golearn\kafka_2.13-2.4.0\libs\plexus-utils-3.2.0.jar;D:\Workspace\Golearn\kafka_2.13-2.4.0\libs\reflections-0.9.11.jar;D:\Workspace\Golearn\kafka_2.13-2.4.0\libs\rocksdbjni-5.18.3.jar;D:\Workspace\Golearn\kafka_2.13-2.4.0\libs\scala-collection-compat_2.13-2.1.2.jar;D:\Workspace\Golearn\kafka_2.13-2.4.0\libs\scala-java8-compat_2.13-0.9.0.jar;D:\Workspace\Golearn\kafka_2.13-2.4.0\libs\scala-library-2.13.1.jar;D:\Workspace\Golearn\kafka_2.13-2.4.0\libs\scala-logging_2.13-3.9.2.jar;D:\Workspace\Golearn\kafka_2.13-2.4.0\libs\scala-reflect-2.13.1.jar;D:\Workspace\Golearn\kafka_2.13-2.4.0\libs\slf4j-api-1.7.28.jar;D:\Workspace\Golearn\kafka_2.13-2.4.0\libs\slf4j-log4j12-1.7.28.jar;D:\Workspace\Golearn\kafka_2.13-2.4.0\libs\snappy-java-1.1.7.3.jar;D:\Workspace\Golearn\kafka_2.13-2.4.0\libs\validation-api-2.0.1.Final.jar;D:\Workspace\Golearn\kafka_2.13-2.4.0\libs\zookeeper-3.5.6.jar;D:\Workspace\Golearn\kafka_2.13-2.4.0\libs\zookeeper-jute-3.5.6.jar;D:\Workspace\Golearn\kafka_2.13-2.4.0\libs\zstd-jni-1.4.3-1.jar (org.apache.zookeeper.server.ZooKeeperServer)
[2020-02-05 18:10:07,491] INFO Server environment:java.library.path=C:\Program Files\Java\jdk1.8.0_221\bin;C:\WINDOWS\Sun\Java\bin;C:\WINDOWS\system32;C:\WINDOWS;C:\Program Files (x86)\Intel\iCLS Client\;C:\Program Files\Intel\iCLS Client\;C:\WINDOWS\system32;C:\WINDOWS;C:\WINDOWS\System32\Wbem;C:\WINDOWS\System32\WindowsPowerShell\v1.0\;C:\Program Files\Intel\Intel(R) Management Engine Components\DAL;C:\Program Files\Intel\Intel(R) Management Engine Components\IPT;C:\Program Files (x86)\Intel\Intel(R) Management Engine Components\DAL;C:\Program Files (x86)\Intel\Intel(R) Management Engine Components\IPT;C:\Program Files\Intel\WiFi\bin\;C:\Program Files\Common Files\Intel\WirelessCommon\;C:\Program Files (x86)\NVIDIA Corporation\PhysX\Common;C:\WINDOWS\system32;C:\WINDOWS;C:\WINDOWS\System32\Wbem;C:\WINDOWS\System32\WindowsPowerShell\v1.0\;C:\Program Files\Java\jre1.8.0_131;C:\WINDOWS\System32\OpenSSH\;C:\R\R-3.5.0\bin\x64;D:\Git\cmd;D:\Git\mingw64\bin;D:\Git\usr\bin;C:\Program Files\Java\jdk1.8.0_221\bin;D:\Go\bin;C:\Program Files\MySQL\MySQL Server 5.5\bin;D:\Graphviz2.38\bin;C:\Users\ThundeRobot TiN\AppData\Local\Microsoft\WindowsApps;;D:\Microsoft VS Code\bin;C:\Users\ThundeRobot TiN\go\bin;%GoLand%;. (org.apache.zookeeper.server.ZooKeeperServer)
[2020-02-05 18:10:07,492] INFO Server environment:java.io.tmpdir=C:\Users\THUNDE~1\AppData\Local\Temp\ (org.apache.zookeeper.server.ZooKeeperServer)
[2020-02-05 18:10:07,492] INFO Server environment:java.compiler=<NA> (org.apache.zookeeper.server.ZooKeeperServer)
[2020-02-05 18:10:07,493] INFO Server environment:os.name=Windows 10 (org.apache.zookeeper.server.ZooKeeperServer)
[2020-02-05 18:10:07,494] INFO Server environment:os.arch=amd64 (org.apache.zookeeper.server.ZooKeeperServer)
[2020-02-05 18:10:07,500] INFO Server environment:os.version=10.0 (org.apache.zookeeper.server.ZooKeeperServer)
[2020-02-05 18:10:07,500] INFO Server environment:user.name=ThundeRobot TiN (org.apache.zookeeper.server.ZooKeeperServer)
[2020-02-05 18:10:07,501] INFO Server environment:user.home=C:\Users\ThundeRobot TiN (org.apache.zookeeper.server.ZooKeeperServer)
[2020-02-05 18:10:07,501] INFO Server environment:user.dir=D:\Workspace\Golearn\kafka_2.13-2.4.0 (org.apache.zookeeper.server.ZooKeeperServer)
[2020-02-05 18:10:07,502] INFO Server environment:os.memory.free=495MB (org.apache.zookeeper.server.ZooKeeperServer)
[2020-02-05 18:10:07,502] INFO Server environment:os.memory.max=512MB (org.apache.zookeeper.server.ZooKeeperServer)
[2020-02-05 18:10:07,503] INFO Server environment:os.memory.total=512MB (org.apache.zookeeper.server.ZooKeeperServer)
[2020-02-05 18:10:07,505] INFO minSessionTimeout set to 6000 (org.apache.zookeeper.server.ZooKeeperServer)
[2020-02-05 18:10:07,505] INFO maxSessionTimeout set to 60000 (org.apache.zookeeper.server.ZooKeeperServer)
[2020-02-05 18:10:07,506] INFO Created server with tickTime 3000 minSessionTimeout 6000 maxSessionTimeout 60000 datadir D:\Workspace\Golearn\tmp\zookeeper\version-2 snapdir D:\Workspace\Golearn\tmp\zookeeper\version-2 (org.apache.zookeeper.server.ZooKeeperServer)
[2020-02-05 18:10:07,540] INFO Using org.apache.zookeeper.server.NIOServerCnxnFactory as server connection factory (org.apache.zookeeper.server.ServerCnxnFactory)
[2020-02-05 18:10:07,553] INFO Configuring NIO connection handler with 10s sessionless connection timeout, 2 selector thread(s), 16 worker threads, and 64 kB direct buffers. (org.apache.zookeeper.server.NIOServerCnxnFactory)
[2020-02-05 18:10:07,558] INFO binding to port 0.0.0.0/0.0.0.0:2181 (org.apache.zookeeper.server.NIOServerCnxnFactory)
[2020-02-05 18:10:07,578] INFO zookeeper.snapshotSizeFactor = 0.33 (org.apache.zookeeper.server.ZKDatabase)
[2020-02-05 18:10:07,586] INFO Snapshotting: 0x0 to D:\Workspace\Golearn\tmp\zookeeper\version-2\snapshot.0 (org.apache.zookeeper.server.persistence.FileTxnSnapLog)
[2020-02-05 18:10:07,591] INFO Snapshotting: 0x0 to D:\Workspace\Golearn\tmp\zookeeper\version-2\snapshot.0 (org.apache.zookeeper.server.persistence.FileTxnSnapLog)
[2020-02-05 18:10:07,621] INFO Using checkIntervalMs=60000 maxPerMinute=10000 (org.apache.zookeeper.server.ContainerManager)
[2020-02-05 18:11:12,581] INFO Registered kafka:type=kafka.Log4jController MBean (kafka.utils.Log4jControllerRegistration$)
[2020-02-05 18:11:12,982] INFO starting (kafka.server.KafkaServer)
[2020-02-05 18:11:12,984] INFO Connecting to zookeeper on localhost:2181 (kafka.server.KafkaServer)
[2020-02-05 18:11:13,015] INFO [ZooKeeperClient Kafka server] Initializing a new session to localhost:2181. (kafka.zookeeper.ZooKeeperClient)
[2020-02-05 18:11:13,025] INFO Client environment:zookeeper.version=3.5.6-c11b7e26bc554b8523dc929761dd28808913f091, built on 10/08/2019 20:18 GMT (org.apache.zookeeper.ZooKeeper)
[2020-02-05 18:11:13,025] INFO Client environment:host.name=TiN (org.apache.zookeeper.ZooKeeper)
[2020-02-05 18:11:13,025] INFO Client environment:java.version=1.8.0_221 (org.apache.zookeeper.ZooKeeper)
[2020-02-05 18:11:13,025] INFO Client environment:java.vendor=Oracle Corporation (org.apache.zookeeper.ZooKeeper)
[2020-02-05 18:11:13,025] INFO Client environment:java.home=C:\Program Files\Java\jdk1.8.0_221\jre (org.apache.zookeeper.ZooKeeper)
[2020-02-05 18:11:13,025] INFO Client environment:java.class.path=D:\Workspace\Golearn\kafka_2.13-2.4.0\libs\activation-1.1.1.jar;D:\Workspace\Golearn\kafka_2.13-2.4.0\libs\aopalliance-repackaged-2.5.0.jar;D:\Workspace\Golearn\kafka_2.13-2.4.0\libs\argparse4j-0.7.0.jar;D:\Workspace\Golearn\kafka_2.13-2.4.0\libs\audience-annotations-0.5.0.jar;D:\Workspace\Golearn\kafka_2.13-2.4.0\libs\commons-cli-1.4.jar;D:\Workspace\Golearn\kafka_2.13-2.4.0\libs\commons-lang3-3.8.1.jar;D:\Workspace\Golearn\kafka_2.13-2.4.0\libs\connect-api-2.4.0.jar;D:\Workspace\Golearn\kafka_2.13-2.4.0\libs\connect-basic-auth-extension-2.4.0.jar;D:\Workspace\Golearn\kafka_2.13-2.4.0\libs\connect-file-2.4.0.jar;D:\Workspace\Golearn\kafka_2.13-2.4.0\libs\connect-json-2.4.0.jar;D:\Workspace\Golearn\kafka_2.13-2.4.0\libs\connect-mirror-2.4.0.jar;D:\Workspace\Golearn\kafka_2.13-2.4.0\libs\connect-mirror-client-2.4.0.jar;D:\Workspace\Golearn\kafka_2.13-2.4.0\libs\connect-runtime-2.4.0.jar;D:\Workspace\Golearn\kafka_2.13-2.4.0\libs\connect-transforms-2.4.0.jar;D:\Workspace\Golearn\kafka_2.13-2.4.0\libs\guava-20.0.jar;D:\Workspace\Golearn\kafka_2.13-2.4.0\libs\hk2-api-2.5.0.jar;D:\Workspace\Golearn\kafka_2.13-2.4.0\libs\hk2-locator-2.5.0.jar;D:\Workspace\Golearn\kafka_2.13-2.4.0\libs\hk2-utils-2.5.0.jar;D:\Workspace\Golearn\kafka_2.13-2.4.0\libs\jackson-annotations-2.10.0.jar;D:\Workspace\Golearn\kafka_2.13-2.4.0\libs\jackson-core-2.10.0.jar;D:\Workspace\Golearn\kafka_2.13-2.4.0\libs\jackson-databind-2.10.0.jar;D:\Workspace\Golearn\kafka_2.13-2.4.0\libs\jackson-dataformat-csv-2.10.0.jar;D:\Workspace\Golearn\kafka_2.13-2.4.0\libs\jackson-datatype-jdk8-2.10.0.jar;D:\Workspace\Golearn\kafka_2.13-2.4.0\libs\jackson-jaxrs-base-2.10.0.jar;D:\Workspace\Golearn\kafka_2.13-2.4.0\libs\jackson-jaxrs-json-provider-2.10.0.jar;D:\Workspace\Golearn\kafka_2.13-2.4.0\libs\jackson-module-jaxb-annotations-2.10.0.jar;D:\Workspace\Golearn\kafka_2.13-2.4.0\libs\jackson-module-paranamer-2.10.0.jar;D:\Workspace\Golearn\kafka_2.13-2.4.0\libs\jackson-module-scala_2.13-2.10.0.jar;D:\Workspace\Golearn\kafka_2.13-2.4.0\libs\jakarta.activation-api-1.2.1.jar;D:\Workspace\Golearn\kafka_2.13-2.4.0\libs\jakarta.annotation-api-1.3.4.jar;D:\Workspace\Golearn\kafka_2.13-2.4.0\libs\jakarta.inject-2.5.0.jar;D:\Workspace\Golearn\kafka_2.13-2.4.0\libs\jakarta.ws.rs-api-2.1.5.jar;D:\Workspace\Golearn\kafka_2.13-2.4.0\libs\jakarta.xml.bind-api-2.3.2.jar;D:\Workspace\Golearn\kafka_2.13-2.4.0\libs\javassist-3.22.0-CR2.jar;D:\Workspace\Golearn\kafka_2.13-2.4.0\libs\javax.servlet-api-3.1.0.jar;D:\Workspace\Golearn\kafka_2.13-2.4.0\libs\javax.ws.rs-api-2.1.1.jar;D:\Workspace\Golearn\kafka_2.13-2.4.0\libs\jaxb-api-2.3.0.jar;D:\Workspace\Golearn\kafka_2.13-2.4.0\libs\jersey-client-2.28.jar;D:\Workspace\Golearn\kafka_2.13-2.4.0\libs\jersey-common-2.28.jar;D:\Workspace\Golearn\kafka_2.13-2.4.0\libs\jersey-container-servlet-2.28.jar;D:\Workspace\Golearn\kafka_2.13-2.4.0\libs\jersey-container-servlet-core-2.28.jar;D:\Workspace\Golearn\kafka_2.13-2.4.0\libs\jersey-hk2-2.28.jar;D:\Workspace\Golearn\kafka_2.13-2.4.0\libs\jersey-media-jaxb-2.28.jar;D:\Workspace\Golearn\kafka_2.13-2.4.0\libs\jersey-server-2.28.jar;D:\Workspace\Golearn\kafka_2.13-2.4.0\libs\jetty-client-9.4.20.v20190813.jar;D:\Workspace\Golearn\kafka_2.13-2.4.0\libs\jetty-continuation-9.4.20.v20190813.jar;D:\Workspace\Golearn\kafka_2.13-2.4.0\libs\jetty-http-9.4.20.v20190813.jar;D:\Workspace\Golearn\kafka_2.13-2.4.0\libs\jetty-io-9.4.20.v20190813.jar;D:\Workspace\Golearn\kafka_2.13-2.4.0\libs\jetty-security-9.4.20.v20190813.jar;D:\Workspace\Golearn\kafka_2.13-2.4.0\libs\jetty-server-9.4.20.v20190813.jar;D:\Workspace\Golearn\kafka_2.13-2.4.0\libs\jetty-servlet-9.4.20.v20190813.jar;D:\Workspace\Golearn\kafka_2.13-2.4.0\libs\jetty-servlets-9.4.20.v20190813.jar;D:\Workspace\Golearn\kafka_2.13-2.4.0\libs\jetty-util-9.4.20.v20190813.jar;D:\Workspace\Golearn\kafka_2.13-2.4.0\libs\jopt-simple-5.0.4.jar;D:\Workspace\Golearn\kafka_2.13-2.4.0\libs\kafka-clients-2.4.0.jar;D:\Workspace\Golearn\kafka_2.13-2.4.0\libs\kafka-log4j-appender-2.4.0.jar;D:\Workspace\Golearn\kafka_2.13-2.4.0\libs\kafka-streams-2.4.0.jar;D:\Workspace\Golearn\kafka_2.13-2.4.0\libs\kafka-streams-examples-2.4.0.jar;D:\Workspace\Golearn\kafka_2.13-2.4.0\libs\kafka-streams-scala_2.13-2.4.0.jar;D:\Workspace\Golearn\kafka_2.13-2.4.0\libs\kafka-streams-test-utils-2.4.0.jar;D:\Workspace\Golearn\kafka_2.13-2.4.0\libs\kafka-tools-2.4.0.jar;D:\Workspace\Golearn\kafka_2.13-2.4.0\libs\kafka_2.13-2.4.0-javadoc.jar;D:\Workspace\Golearn\kafka_2.13-2.4.0\libs\kafka_2.13-2.4.0-javadoc.jar.asc;D:\Workspace\Golearn\kafka_2.13-2.4.0\libs\kafka_2.13-2.4.0-scaladoc.jar;D:\Workspace\Golearn\kafka_2.13-2.4.0\libs\kafka_2.13-2.4.0-scaladoc.jar.asc;D:\Workspace\Golearn\kafka_2.13-2.4.0\libs\kafka_2.13-2.4.0-sources.jar;D:\Workspace\Golearn\kafka_2.13-2.4.0\libs\kafka_2.13-2.4.0-sources.jar.asc;D:\Workspace\Golearn\kafka_2.13-2.4.0\libs\kafka_2.13-2.4.0-test-sources.jar;D:\Workspace\Golearn\kafka_2.13-2.4.0\libs\kafka_2.13-2.4.0-test-sources.jar.asc;D:\Workspace\Golearn\kafka_2.13-2.4.0\libs\kafka_2.13-2.4.0-test.jar;D:\Workspace\Golearn\kafka_2.13-2.4.0\libs\kafka_2.13-2.4.0-test.jar.asc;D:\Workspace\Golearn\kafka_2.13-2.4.0\libs\kafka_2.13-2.4.0.jar;D:\Workspace\Golearn\kafka_2.13-2.4.0\libs\kafka_2.13-2.4.0.jar.asc;D:\Workspace\Golearn\kafka_2.13-2.4.0\libs\log4j-1.2.17.jar;D:\Workspace\Golearn\kafka_2.13-2.4.0\libs\lz4-java-1.6.0.jar;D:\Workspace\Golearn\kafka_2.13-2.4.0\libs\maven-artifact-3.6.1.jar;D:\Workspace\Golearn\kafka_2.13-2.4.0\libs\metrics-core-2.2.0.jar;D:\Workspace\Golearn\kafka_2.13-2.4.0\libs\netty-buffer-4.1.42.Final.jar;D:\Workspace\Golearn\kafka_2.13-2.4.0\libs\netty-codec-4.1.42.Final.jar;D:\Workspace\Golearn\kafka_2.13-2.4.0\libs\netty-common-4.1.42.Final.jar;D:\Workspace\Golearn\kafka_2.13-2.4.0\libs\netty-handler-4.1.42.Final.jar;D:\Workspace\Golearn\kafka_2.13-2.4.0\libs\netty-resolver-4.1.42.Final.jar;D:\Workspace\Golearn\kafka_2.13-2.4.0\libs\netty-transport-4.1.42.Final.jar;D:\Workspace\Golearn\kafka_2.13-2.4.0\libs\netty-transport-native-epoll-4.1.42.Final.jar;D:\Workspace\Golearn\kafka_2.13-2.4.0\libs\netty-transport-native-unix-common-4.1.42.Final.jar;D:\Workspace\Golearn\kafka_2.13-2.4.0\libs\osgi-resource-locator-1.0.1.jar;D:\Workspace\Golearn\kafka_2.13-2.4.0\libs\paranamer-2.8.jar;D:\Workspace\Golearn\kafka_2.13-2.4.0\libs\plexus-utils-3.2.0.jar;D:\Workspace\Golearn\kafka_2.13-2.4.0\libs\reflections-0.9.11.jar;D:\Workspace\Golearn\kafka_2.13-2.4.0\libs\rocksdbjni-5.18.3.jar;D:\Workspace\Golearn\kafka_2.13-2.4.0\libs\scala-collection-compat_2.13-2.1.2.jar;D:\Workspace\Golearn\kafka_2.13-2.4.0\libs\scala-java8-compat_2.13-0.9.0.jar;D:\Workspace\Golearn\kafka_2.13-2.4.0\libs\scala-library-2.13.1.jar;D:\Workspace\Golearn\kafka_2.13-2.4.0\libs\scala-logging_2.13-3.9.2.jar;D:\Workspace\Golearn\kafka_2.13-2.4.0\libs\scala-reflect-2.13.1.jar;D:\Workspace\Golearn\kafka_2.13-2.4.0\libs\slf4j-api-1.7.28.jar;D:\Workspace\Golearn\kafka_2.13-2.4.0\libs\slf4j-log4j12-1.7.28.jar;D:\Workspace\Golearn\kafka_2.13-2.4.0\libs\snappy-java-1.1.7.3.jar;D:\Workspace\Golearn\kafka_2.13-2.4.0\libs\validation-api-2.0.1.Final.jar;D:\Workspace\Golearn\kafka_2.13-2.4.0\libs\zookeeper-3.5.6.jar;D:\Workspace\Golearn\kafka_2.13-2.4.0\libs\zookeeper-jute-3.5.6.jar;D:\Workspace\Golearn\kafka_2.13-2.4.0\libs\zstd-jni-1.4.3-1.jar (org.apache.zookeeper.ZooKeeper)
[2020-02-05 18:11:13,028] INFO Client environment:java.library.path=C:\Program Files\Java\jdk1.8.0_221\bin;C:\WINDOWS\Sun\Java\bin;C:\WINDOWS\system32;C:\WINDOWS;C:\Program Files (x86)\Intel\iCLS Client\;C:\Program Files\Intel\iCLS Client\;C:\WINDOWS\system32;C:\WINDOWS;C:\WINDOWS\System32\Wbem;C:\WINDOWS\System32\WindowsPowerShell\v1.0\;C:\Program Files\Intel\Intel(R) Management Engine Components\DAL;C:\Program Files\Intel\Intel(R) Management Engine Components\IPT;C:\Program Files (x86)\Intel\Intel(R) Management Engine Components\DAL;C:\Program Files (x86)\Intel\Intel(R) Management Engine Components\IPT;C:\Program Files\Intel\WiFi\bin\;C:\Program Files\Common Files\Intel\WirelessCommon\;C:\Program Files (x86)\NVIDIA Corporation\PhysX\Common;C:\WINDOWS\system32;C:\WINDOWS;C:\WINDOWS\System32\Wbem;C:\WINDOWS\System32\WindowsPowerShell\v1.0\;C:\Program Files\Java\jre1.8.0_131;C:\WINDOWS\System32\OpenSSH\;C:\R\R-3.5.0\bin\x64;D:\Git\cmd;D:\Git\mingw64\bin;D:\Git\usr\bin;C:\Program Files\Java\jdk1.8.0_221\bin;D:\Go\bin;C:\Program Files\MySQL\MySQL Server 5.5\bin;D:\Graphviz2.38\bin;C:\Users\ThundeRobot TiN\AppData\Local\Microsoft\WindowsApps;;D:\Microsoft VS Code\bin;C:\Users\ThundeRobot TiN\go\bin;%GoLand%;. (org.apache.zookeeper.ZooKeeper)
[2020-02-05 18:11:13,029] INFO Client environment:java.io.tmpdir=C:\Users\THUNDE~1\AppData\Local\Temp\ (org.apache.zookeeper.ZooKeeper)
[2020-02-05 18:11:13,029] INFO Client environment:java.compiler=<NA> (org.apache.zookeeper.ZooKeeper)
[2020-02-05 18:11:13,030] INFO Client environment:os.name=Windows 10 (org.apache.zookeeper.ZooKeeper)
[2020-02-05 18:11:13,030] INFO Client environment:os.arch=amd64 (org.apache.zookeeper.ZooKeeper)
[2020-02-05 18:11:13,031] INFO Client environment:os.version=10.0 (org.apache.zookeeper.ZooKeeper)
[2020-02-05 18:11:13,031] INFO Client environment:user.name=ThundeRobot TiN (org.apache.zookeeper.ZooKeeper)
[2020-02-05 18:11:13,032] INFO Client environment:user.home=C:\Users\ThundeRobot TiN (org.apache.zookeeper.ZooKeeper)
[2020-02-05 18:11:13,033] INFO Client environment:user.dir=D:\Workspace\Golearn\kafka_2.13-2.4.0 (org.apache.zookeeper.ZooKeeper)
[2020-02-05 18:11:13,033] INFO Client environment:os.memory.free=974MB (org.apache.zookeeper.ZooKeeper)
[2020-02-05 18:11:13,034] INFO Client environment:os.memory.max=1024MB (org.apache.zookeeper.ZooKeeper)
[2020-02-05 18:11:13,039] INFO Client environment:os.memory.total=1024MB (org.apache.zookeeper.ZooKeeper)
[2020-02-05 18:11:13,042] INFO Initiating client connection, connectString=localhost:2181 sessionTimeout=6000 watcher=kafka.zookeeper.ZooKeeperClient$ZooKeeperClientWatcher$@3911c2a7 (org.apache.zookeeper.ZooKeeper)
[2020-02-05 18:11:13,052] INFO Setting -D jdk.tls.rejectClientInitiatedRenegotiation=true to disable client-initiated TLS renegotiation (org.apache.zookeeper.common.X509Util)
[2020-02-05 18:11:13,081] INFO jute.maxbuffer value is 4194304 Bytes (org.apache.zookeeper.ClientCnxnSocket)
[2020-02-05 18:11:13,090] INFO zookeeper.request.timeout value is 0. feature enabled= (org.apache.zookeeper.ClientCnxn)
[2020-02-05 18:11:13,093] INFO [ZooKeeperClient Kafka server] Waiting until connected. (kafka.zookeeper.ZooKeeperClient)
[2020-02-05 18:11:13,099] INFO Opening socket connection to server localhost/127.0.0.1:2181. Will not attempt to authenticate using SASL (unknown error) (org.apache.zookeeper.ClientCnxn)
[2020-02-05 18:11:13,102] INFO Socket connection established, initiating session, client: /127.0.0.1:55718, server: localhost/127.0.0.1:2181 (org.apache.zookeeper.ClientCnxn)
[2020-02-05 18:11:13,120] INFO Creating new log file: log.1 (org.apache.zookeeper.server.persistence.FileTxnLog)
[2020-02-05 18:11:13,168] INFO Session establishment complete on server localhost/127.0.0.1:2181, sessionid = 0x100499e804f0000, negotiated timeout = 6000 (org.apache.zookeeper.ClientCnxn)
[2020-02-05 18:11:13,174] INFO [ZooKeeperClient Kafka server] Connected. (kafka.zookeeper.ZooKeeperClient)
[2020-02-05 18:11:13,956] INFO Cluster ID = hNVsHJZcRyqj8P8QjOEC7Q (kafka.server.KafkaServer)
[2020-02-05 18:11:13,960] WARN No meta.properties file under dir D:\Workspace\Golearn\tmp\kafka-logs\meta.properties (kafka.server.BrokerMetadataCheckpoint)
[2020-02-05 18:11:14,012] INFO KafkaConfig values: 
	advertised.host.name = null
	advertised.listeners = null
	advertised.port = null
	alter.config.policy.class.name = null
	alter.log.dirs.replication.quota.window.num = 11
	alter.log.dirs.replication.quota.window.size.seconds = 1
	authorizer.class.name = 
	auto.create.topics.enable = true
	auto.leader.rebalance.enable = true
	background.threads = 10
	broker.id = 0
	broker.id.generation.enable = true
	broker.rack = null
	client.quota.callback.class = null
	compression.type = producer
	connection.failed.authentication.delay.ms = 100
	connections.max.idle.ms = 600000
	connections.max.reauth.ms = 0
	control.plane.listener.name = null
	controlled.shutdown.enable = true
	controlled.shutdown.max.retries = 3
	controlled.shutdown.retry.backoff.ms = 5000
	controller.socket.timeout.ms = 30000
	create.topic.policy.class.name = null
	default.replication.factor = 1
	delegation.token.expiry.check.interval.ms = 3600000
	delegation.token.expiry.time.ms = 86400000
	delegation.token.master.key = null
	delegation.token.max.lifetime.ms = 604800000
	delete.records.purgatory.purge.interval.requests = 1
	delete.topic.enable = true
	fetch.purgatory.purge.interval.requests = 1000
	group.initial.rebalance.delay.ms = 0
	group.max.session.timeout.ms = 1800000
	group.max.size = 2147483647
	group.min.session.timeout.ms = 6000
	host.name = 
	inter.broker.listener.name = null
	inter.broker.protocol.version = 2.4-IV1
	kafka.metrics.polling.interval.secs = 10
	kafka.metrics.reporters = []
	leader.imbalance.check.interval.seconds = 300
	leader.imbalance.per.broker.percentage = 10
	listener.security.protocol.map = PLAINTEXT:PLAINTEXT,SSL:SSL,SASL_PLAINTEXT:SASL_PLAINTEXT,SASL_SSL:SASL_SSL
	listeners = null
	log.cleaner.backoff.ms = 15000
	log.cleaner.dedupe.buffer.size = 134217728
	log.cleaner.delete.retention.ms = 86400000
	log.cleaner.enable = true
	log.cleaner.io.buffer.load.factor = 0.9
	log.cleaner.io.buffer.size = 524288
	log.cleaner.io.max.bytes.per.second = 1.7976931348623157E308
	log.cleaner.max.compaction.lag.ms = 9223372036854775807
	log.cleaner.min.cleanable.ratio = 0.5
	log.cleaner.min.compaction.lag.ms = 0
	log.cleaner.threads = 1
	log.cleanup.policy = [delete]
	log.dir = /tmp/kafka-logs
	log.dirs = D:/Workspace/Golearn/tmp/kafka-logs
	log.flush.interval.messages = 9223372036854775807
	log.flush.interval.ms = null
	log.flush.offset.checkpoint.interval.ms = 60000
	log.flush.scheduler.interval.ms = 9223372036854775807
	log.flush.start.offset.checkpoint.interval.ms = 60000
	log.index.interval.bytes = 4096
	log.index.size.max.bytes = 10485760
	log.message.downconversion.enable = true
	log.message.format.version = 2.4-IV1
	log.message.timestamp.difference.max.ms = 9223372036854775807
	log.message.timestamp.type = CreateTime
	log.preallocate = false
	log.retention.bytes = -1
	log.retention.check.interval.ms = 300000
	log.retention.hours = 168
	log.retention.minutes = null
	log.retention.ms = null
	log.roll.hours = 168
	log.roll.jitter.hours = 0
	log.roll.jitter.ms = null
	log.roll.ms = null
	log.segment.bytes = 1073741824
	log.segment.delete.delay.ms = 60000
	max.connections = 2147483647
	max.connections.per.ip = 2147483647
	max.connections.per.ip.overrides = 
	max.incremental.fetch.session.cache.slots = 1000
	message.max.bytes = 1000012
	metric.reporters = []
	metrics.num.samples = 2
	metrics.recording.level = INFO
	metrics.sample.window.ms = 30000
	min.insync.replicas = 1
	num.io.threads = 8
	num.network.threads = 3
	num.partitions = 1
	num.recovery.threads.per.data.dir = 1
	num.replica.alter.log.dirs.threads = null
	num.replica.fetchers = 1
	offset.metadata.max.bytes = 4096
	offsets.commit.required.acks = -1
	offsets.commit.timeout.ms = 5000
	offsets.load.buffer.size = 5242880
	offsets.retention.check.interval.ms = 600000
	offsets.retention.minutes = 10080
	offsets.topic.compression.codec = 0
	offsets.topic.num.partitions = 50
	offsets.topic.replication.factor = 1
	offsets.topic.segment.bytes = 104857600
	password.encoder.cipher.algorithm = AES/CBC/PKCS5Padding
	password.encoder.iterations = 4096
	password.encoder.key.length = 128
	password.encoder.keyfactory.algorithm = null
	password.encoder.old.secret = null
	password.encoder.secret = null
	port = 9092
	principal.builder.class = null
	producer.purgatory.purge.interval.requests = 1000
	queued.max.request.bytes = -1
	queued.max.requests = 500
	quota.consumer.default = 9223372036854775807
	quota.producer.default = 9223372036854775807
	quota.window.num = 11
	quota.window.size.seconds = 1
	replica.fetch.backoff.ms = 1000
	replica.fetch.max.bytes = 1048576
	replica.fetch.min.bytes = 1
	replica.fetch.response.max.bytes = 10485760
	replica.fetch.wait.max.ms = 500
	replica.high.watermark.checkpoint.interval.ms = 5000
	replica.lag.time.max.ms = 10000
	replica.selector.class = null
	replica.socket.receive.buffer.bytes = 65536
	replica.socket.timeout.ms = 30000
	replication.quota.window.num = 11
	replication.quota.window.size.seconds = 1
	request.timeout.ms = 30000
	reserved.broker.max.id = 1000
	sasl.client.callback.handler.class = null
	sasl.enabled.mechanisms = [GSSAPI]
	sasl.jaas.config = null
	sasl.kerberos.kinit.cmd = /usr/bin/kinit
	sasl.kerberos.min.time.before.relogin = 60000
	sasl.kerberos.principal.to.local.rules = [DEFAULT]
	sasl.kerberos.service.name = null
	sasl.kerberos.ticket.renew.jitter = 0.05
	sasl.kerberos.ticket.renew.window.factor = 0.8
	sasl.login.callback.handler.class = null
	sasl.login.class = null
	sasl.login.refresh.buffer.seconds = 300
	sasl.login.refresh.min.period.seconds = 60
	sasl.login.refresh.window.factor = 0.8
	sasl.login.refresh.window.jitter = 0.05
	sasl.mechanism.inter.broker.protocol = GSSAPI
	sasl.server.callback.handler.class = null
	security.inter.broker.protocol = PLAINTEXT
	security.providers = null
	socket.receive.buffer.bytes = 102400
	socket.request.max.bytes = 104857600
	socket.send.buffer.bytes = 102400
	ssl.cipher.suites = []
	ssl.client.auth = none
	ssl.enabled.protocols = [TLSv1.2, TLSv1.1, TLSv1]
	ssl.endpoint.identification.algorithm = https
	ssl.key.password = null
	ssl.keymanager.algorithm = SunX509
	ssl.keystore.location = null
	ssl.keystore.password = null
	ssl.keystore.type = JKS
	ssl.principal.mapping.rules = DEFAULT
	ssl.protocol = TLS
	ssl.provider = null
	ssl.secure.random.implementation = null
	ssl.trustmanager.algorithm = PKIX
	ssl.truststore.location = null
	ssl.truststore.password = null
	ssl.truststore.type = JKS
	transaction.abort.timed.out.transaction.cleanup.interval.ms = 60000
	transaction.max.timeout.ms = 900000
	transaction.remove.expired.transaction.cleanup.interval.ms = 3600000
	transaction.state.log.load.buffer.size = 5242880
	transaction.state.log.min.isr = 1
	transaction.state.log.num.partitions = 50
	transaction.state.log.replication.factor = 1
	transaction.state.log.segment.bytes = 104857600
	transactional.id.expiration.ms = 604800000
	unclean.leader.election.enable = false
	zookeeper.connect = localhost:2181
	zookeeper.connection.timeout.ms = 6000
	zookeeper.max.in.flight.requests = 10
	zookeeper.session.timeout.ms = 6000
	zookeeper.set.acl = false
	zookeeper.sync.time.ms = 2000
 (kafka.server.KafkaConfig)
[2020-02-05 18:11:14,025] INFO KafkaConfig values: 
	advertised.host.name = null
	advertised.listeners = null
	advertised.port = null
	alter.config.policy.class.name = null
	alter.log.dirs.replication.quota.window.num = 11
	alter.log.dirs.replication.quota.window.size.seconds = 1
	authorizer.class.name = 
	auto.create.topics.enable = true
	auto.leader.rebalance.enable = true
	background.threads = 10
	broker.id = 0
	broker.id.generation.enable = true
	broker.rack = null
	client.quota.callback.class = null
	compression.type = producer
	connection.failed.authentication.delay.ms = 100
	connections.max.idle.ms = 600000
	connections.max.reauth.ms = 0
	control.plane.listener.name = null
	controlled.shutdown.enable = true
	controlled.shutdown.max.retries = 3
	controlled.shutdown.retry.backoff.ms = 5000
	controller.socket.timeout.ms = 30000
	create.topic.policy.class.name = null
	default.replication.factor = 1
	delegation.token.expiry.check.interval.ms = 3600000
	delegation.token.expiry.time.ms = 86400000
	delegation.token.master.key = null
	delegation.token.max.lifetime.ms = 604800000
	delete.records.purgatory.purge.interval.requests = 1
	delete.topic.enable = true
	fetch.purgatory.purge.interval.requests = 1000
	group.initial.rebalance.delay.ms = 0
	group.max.session.timeout.ms = 1800000
	group.max.size = 2147483647
	group.min.session.timeout.ms = 6000
	host.name = 
	inter.broker.listener.name = null
	inter.broker.protocol.version = 2.4-IV1
	kafka.metrics.polling.interval.secs = 10
	kafka.metrics.reporters = []
	leader.imbalance.check.interval.seconds = 300
	leader.imbalance.per.broker.percentage = 10
	listener.security.protocol.map = PLAINTEXT:PLAINTEXT,SSL:SSL,SASL_PLAINTEXT:SASL_PLAINTEXT,SASL_SSL:SASL_SSL
	listeners = null
	log.cleaner.backoff.ms = 15000
	log.cleaner.dedupe.buffer.size = 134217728
	log.cleaner.delete.retention.ms = 86400000
	log.cleaner.enable = true
	log.cleaner.io.buffer.load.factor = 0.9
	log.cleaner.io.buffer.size = 524288
	log.cleaner.io.max.bytes.per.second = 1.7976931348623157E308
	log.cleaner.max.compaction.lag.ms = 9223372036854775807
	log.cleaner.min.cleanable.ratio = 0.5
	log.cleaner.min.compaction.lag.ms = 0
	log.cleaner.threads = 1
	log.cleanup.policy = [delete]
	log.dir = /tmp/kafka-logs
	log.dirs = D:/Workspace/Golearn/tmp/kafka-logs
	log.flush.interval.messages = 9223372036854775807
	log.flush.interval.ms = null
	log.flush.offset.checkpoint.interval.ms = 60000
	log.flush.scheduler.interval.ms = 9223372036854775807
	log.flush.start.offset.checkpoint.interval.ms = 60000
	log.index.interval.bytes = 4096
	log.index.size.max.bytes = 10485760
	log.message.downconversion.enable = true
	log.message.format.version = 2.4-IV1
	log.message.timestamp.difference.max.ms = 9223372036854775807
	log.message.timestamp.type = CreateTime
	log.preallocate = false
	log.retention.bytes = -1
	log.retention.check.interval.ms = 300000
	log.retention.hours = 168
	log.retention.minutes = null
	log.retention.ms = null
	log.roll.hours = 168
	log.roll.jitter.hours = 0
	log.roll.jitter.ms = null
	log.roll.ms = null
	log.segment.bytes = 1073741824
	log.segment.delete.delay.ms = 60000
	max.connections = 2147483647
	max.connections.per.ip = 2147483647
	max.connections.per.ip.overrides = 
	max.incremental.fetch.session.cache.slots = 1000
	message.max.bytes = 1000012
	metric.reporters = []
	metrics.num.samples = 2
	metrics.recording.level = INFO
	metrics.sample.window.ms = 30000
	min.insync.replicas = 1
	num.io.threads = 8
	num.network.threads = 3
	num.partitions = 1
	num.recovery.threads.per.data.dir = 1
	num.replica.alter.log.dirs.threads = null
	num.replica.fetchers = 1
	offset.metadata.max.bytes = 4096
	offsets.commit.required.acks = -1
	offsets.commit.timeout.ms = 5000
	offsets.load.buffer.size = 5242880
	offsets.retention.check.interval.ms = 600000
	offsets.retention.minutes = 10080
	offsets.topic.compression.codec = 0
	offsets.topic.num.partitions = 50
	offsets.topic.replication.factor = 1
	offsets.topic.segment.bytes = 104857600
	password.encoder.cipher.algorithm = AES/CBC/PKCS5Padding
	password.encoder.iterations = 4096
	password.encoder.key.length = 128
	password.encoder.keyfactory.algorithm = null
	password.encoder.old.secret = null
	password.encoder.secret = null
	port = 9092
	principal.builder.class = null
	producer.purgatory.purge.interval.requests = 1000
	queued.max.request.bytes = -1
	queued.max.requests = 500
	quota.consumer.default = 9223372036854775807
	quota.producer.default = 9223372036854775807
	quota.window.num = 11
	quota.window.size.seconds = 1
	replica.fetch.backoff.ms = 1000
	replica.fetch.max.bytes = 1048576
	replica.fetch.min.bytes = 1
	replica.fetch.response.max.bytes = 10485760
	replica.fetch.wait.max.ms = 500
	replica.high.watermark.checkpoint.interval.ms = 5000
	replica.lag.time.max.ms = 10000
	replica.selector.class = null
	replica.socket.receive.buffer.bytes = 65536
	replica.socket.timeout.ms = 30000
	replication.quota.window.num = 11
	replication.quota.window.size.seconds = 1
	request.timeout.ms = 30000
	reserved.broker.max.id = 1000
	sasl.client.callback.handler.class = null
	sasl.enabled.mechanisms = [GSSAPI]
	sasl.jaas.config = null
	sasl.kerberos.kinit.cmd = /usr/bin/kinit
	sasl.kerberos.min.time.before.relogin = 60000
	sasl.kerberos.principal.to.local.rules = [DEFAULT]
	sasl.kerberos.service.name = null
	sasl.kerberos.ticket.renew.jitter = 0.05
	sasl.kerberos.ticket.renew.window.factor = 0.8
	sasl.login.callback.handler.class = null
	sasl.login.class = null
	sasl.login.refresh.buffer.seconds = 300
	sasl.login.refresh.min.period.seconds = 60
	sasl.login.refresh.window.factor = 0.8
	sasl.login.refresh.window.jitter = 0.05
	sasl.mechanism.inter.broker.protocol = GSSAPI
	sasl.server.callback.handler.class = null
	security.inter.broker.protocol = PLAINTEXT
	security.providers = null
	socket.receive.buffer.bytes = 102400
	socket.request.max.bytes = 104857600
	socket.send.buffer.bytes = 102400
	ssl.cipher.suites = []
	ssl.client.auth = none
	ssl.enabled.protocols = [TLSv1.2, TLSv1.1, TLSv1]
	ssl.endpoint.identification.algorithm = https
	ssl.key.password = null
	ssl.keymanager.algorithm = SunX509
	ssl.keystore.location = null
	ssl.keystore.password = null
	ssl.keystore.type = JKS
	ssl.principal.mapping.rules = DEFAULT
	ssl.protocol = TLS
	ssl.provider = null
	ssl.secure.random.implementation = null
	ssl.trustmanager.algorithm = PKIX
	ssl.truststore.location = null
	ssl.truststore.password = null
	ssl.truststore.type = JKS
	transaction.abort.timed.out.transaction.cleanup.interval.ms = 60000
	transaction.max.timeout.ms = 900000
	transaction.remove.expired.transaction.cleanup.interval.ms = 3600000
	transaction.state.log.load.buffer.size = 5242880
	transaction.state.log.min.isr = 1
	transaction.state.log.num.partitions = 50
	transaction.state.log.replication.factor = 1
	transaction.state.log.segment.bytes = 104857600
	transactional.id.expiration.ms = 604800000
	unclean.leader.election.enable = false
	zookeeper.connect = localhost:2181
	zookeeper.connection.timeout.ms = 6000
	zookeeper.max.in.flight.requests = 10
	zookeeper.session.timeout.ms = 6000
	zookeeper.set.acl = false
	zookeeper.sync.time.ms = 2000
 (kafka.server.KafkaConfig)
[2020-02-05 18:11:14,056] INFO [ThrottledChannelReaper-Fetch]: Starting (kafka.server.ClientQuotaManager$ThrottledChannelReaper)
[2020-02-05 18:11:14,056] INFO [ThrottledChannelReaper-Produce]: Starting (kafka.server.ClientQuotaManager$ThrottledChannelReaper)
[2020-02-05 18:11:14,058] INFO [ThrottledChannelReaper-Request]: Starting (kafka.server.ClientQuotaManager$ThrottledChannelReaper)
[2020-02-05 18:11:14,089] INFO Log directory D:\Workspace\Golearn\tmp\kafka-logs not found, creating it. (kafka.log.LogManager)
[2020-02-05 18:11:14,103] INFO Loading logs. (kafka.log.LogManager)
[2020-02-05 18:11:14,112] INFO Logs loading complete in 9 ms. (kafka.log.LogManager)
[2020-02-05 18:11:14,127] INFO Starting log cleanup with a period of 300000 ms. (kafka.log.LogManager)
[2020-02-05 18:11:14,134] INFO Starting log flusher with a default period of 9223372036854775807 ms. (kafka.log.LogManager)
[2020-02-05 18:11:14,486] INFO Awaiting socket connections on 0.0.0.0:9092. (kafka.network.Acceptor)
[2020-02-05 18:11:14,527] INFO [SocketServer brokerId=0] Created data-plane acceptor and processors for endpoint : EndPoint(null,9092,ListenerName(PLAINTEXT),PLAINTEXT) (kafka.network.SocketServer)
[2020-02-05 18:11:14,529] INFO [SocketServer brokerId=0] Started 1 acceptor threads for data-plane (kafka.network.SocketServer)
[2020-02-05 18:11:14,551] INFO [ExpirationReaper-0-Produce]: Starting (kafka.server.DelayedOperationPurgatory$ExpiredOperationReaper)
[2020-02-05 18:11:14,553] INFO [ExpirationReaper-0-Fetch]: Starting (kafka.server.DelayedOperationPurgatory$ExpiredOperationReaper)
[2020-02-05 18:11:14,553] INFO [ExpirationReaper-0-DeleteRecords]: Starting (kafka.server.DelayedOperationPurgatory$ExpiredOperationReaper)
[2020-02-05 18:11:14,553] INFO [ExpirationReaper-0-ElectLeader]: Starting (kafka.server.DelayedOperationPurgatory$ExpiredOperationReaper)
[2020-02-05 18:11:14,571] INFO [LogDirFailureHandler]: Starting (kafka.server.ReplicaManager$LogDirFailureHandler)
[2020-02-05 18:11:14,604] INFO Creating /brokers/ids/0 (is it secure? false) (kafka.zk.KafkaZkClient)
[2020-02-05 18:11:14,660] INFO Stat of the created znode at /brokers/ids/0 is: 24,24,1580897474618,1580897474618,1,0,0,72138539144249344,176,0,24
 (kafka.zk.KafkaZkClient)
[2020-02-05 18:11:14,660] INFO Registered broker 0 at path /brokers/ids/0 with addresses: ArraySeq(EndPoint(TiN,9092,ListenerName(PLAINTEXT),PLAINTEXT)), czxid (broker epoch): 24 (kafka.zk.KafkaZkClient)
[2020-02-05 18:11:14,770] INFO [ExpirationReaper-0-topic]: Starting (kafka.server.DelayedOperationPurgatory$ExpiredOperationReaper)
[2020-02-05 18:11:14,773] INFO [ExpirationReaper-0-Heartbeat]: Starting (kafka.server.DelayedOperationPurgatory$ExpiredOperationReaper)
[2020-02-05 18:11:14,773] INFO [ExpirationReaper-0-Rebalance]: Starting (kafka.server.DelayedOperationPurgatory$ExpiredOperationReaper)
[2020-02-05 18:11:14,820] INFO Successfully created /controller_epoch with initial epoch 0 (kafka.zk.KafkaZkClient)
[2020-02-05 18:11:14,832] INFO [GroupCoordinator 0]: Starting up. (kafka.coordinator.group.GroupCoordinator)
[2020-02-05 18:11:14,833] INFO [GroupCoordinator 0]: Startup complete. (kafka.coordinator.group.GroupCoordinator)
[2020-02-05 18:11:14,838] INFO [GroupMetadataManager brokerId=0] Removed 0 expired offsets in 5 milliseconds. (kafka.coordinator.group.GroupMetadataManager)
[2020-02-05 18:11:14,876] INFO [ProducerId Manager 0]: Acquired new producerId block (brokerId:0,blockStartProducerId:0,blockEndProducerId:999) by writing to Zk with path version 1 (kafka.coordinator.transaction.ProducerIdManager)
[2020-02-05 18:11:14,902] INFO [TransactionCoordinator id=0] Starting up. (kafka.coordinator.transaction.TransactionCoordinator)
[2020-02-05 18:11:14,904] INFO [Transaction Marker Channel Manager 0]: Starting (kafka.coordinator.transaction.TransactionMarkerChannelManager)
[2020-02-05 18:11:14,905] INFO [TransactionCoordinator id=0] Startup complete. (kafka.coordinator.transaction.TransactionCoordinator)
[2020-02-05 18:11:14,938] INFO [ExpirationReaper-0-AlterAcls]: Starting (kafka.server.DelayedOperationPurgatory$ExpiredOperationReaper)
[2020-02-05 18:11:14,963] INFO [/config/changes-event-process-thread]: Starting (kafka.common.ZkNodeChangeNotificationListener$ChangeEventProcessThread)
[2020-02-05 18:11:14,982] INFO [SocketServer brokerId=0] Started data-plane processors for 1 acceptors (kafka.network.SocketServer)
[2020-02-05 18:11:14,988] INFO Kafka version: 2.4.0 (org.apache.kafka.common.utils.AppInfoParser)
[2020-02-05 18:11:14,988] INFO Kafka commitId: 77a89fcf8d7fa018 (org.apache.kafka.common.utils.AppInfoParser)
[2020-02-05 18:11:14,988] INFO Kafka startTimeMs: 1580897474983 (org.apache.kafka.common.utils.AppInfoParser)
[2020-02-05 18:11:14,990] INFO [KafkaServer id=0] started (kafka.server.KafkaServer)
[2020-02-05 18:21:14,835] INFO [GroupMetadataManager brokerId=0] Removed 0 expired offsets in 0 milliseconds. (kafka.coordinator.group.GroupMetadataManager)
[2020-02-05 18:31:14,833] INFO [GroupMetadataManager brokerId=0] Removed 0 expired offsets in 0 milliseconds. (kafka.coordinator.group.GroupMetadataManager)
[2020-02-05 18:41:14,835] INFO [GroupMetadataManager brokerId=0] Removed 0 expired offsets in 0 milliseconds. (kafka.coordinator.group.GroupMetadataManager)
[2020-02-05 18:51:14,833] INFO [GroupMetadataManager brokerId=0] Removed 0 expired offsets in 0 milliseconds. (kafka.coordinator.group.GroupMetadataManager)
[2020-02-05 19:01:14,834] INFO [GroupMetadataManager brokerId=0] Removed 0 expired offsets in 0 milliseconds. (kafka.coordinator.group.GroupMetadataManager)
[2020-02-05 19:11:14,834] INFO [GroupMetadataManager brokerId=0] Removed 0 expired offsets in 0 milliseconds. (kafka.coordinator.group.GroupMetadataManager)
[2020-02-05 19:21:14,834] INFO [GroupMetadataManager brokerId=0] Removed 0 expired offsets in 0 milliseconds. (kafka.coordinator.group.GroupMetadataManager)
[2020-02-05 19:31:14,835] INFO [GroupMetadataManager brokerId=0] Removed 0 expired offsets in 0 milliseconds. (kafka.coordinator.group.GroupMetadataManager)
[2020-02-05 19:41:14,834] INFO [GroupMetadataManager brokerId=0] Removed 0 expired offsets in 0 milliseconds. (kafka.coordinator.group.GroupMetadataManager)
[2020-02-05 19:51:14,833] INFO [GroupMetadataManager brokerId=0] Removed 0 expired offsets in 0 milliseconds. (kafka.coordinator.group.GroupMetadataManager)
[2020-02-05 20:01:14,833] INFO [GroupMetadataManager brokerId=0] Removed 0 expired offsets in 0 milliseconds. (kafka.coordinator.group.GroupMetadataManager)
[2020-02-05 20:11:14,833] INFO [GroupMetadataManager brokerId=0] Removed 0 expired offsets in 0 milliseconds. (kafka.coordinator.group.GroupMetadataManager)
[2020-02-05 20:21:14,835] INFO [GroupMetadataManager brokerId=0] Removed 0 expired offsets in 0 milliseconds. (kafka.coordinator.group.GroupMetadataManager)
[2020-02-05 20:31:14,835] INFO [GroupMetadataManager brokerId=0] Removed 0 expired offsets in 0 milliseconds. (kafka.coordinator.group.GroupMetadataManager)
[2020-02-05 20:41:14,835] INFO [GroupMetadataManager brokerId=0] Removed 0 expired offsets in 0 milliseconds. (kafka.coordinator.group.GroupMetadataManager)
[2020-02-05 20:51:14,834] INFO [GroupMetadataManager brokerId=0] Removed 0 expired offsets in 0 milliseconds. (kafka.coordinator.group.GroupMetadataManager)
[2020-02-05 21:01:14,835] INFO [GroupMetadataManager brokerId=0] Removed 0 expired offsets in 0 milliseconds. (kafka.coordinator.group.GroupMetadataManager)
[2020-02-05 21:11:14,833] INFO [GroupMetadataManager brokerId=0] Removed 0 expired offsets in 0 milliseconds. (kafka.coordinator.group.GroupMetadataManager)
[2020-02-05 21:21:14,834] INFO [GroupMetadataManager brokerId=0] Removed 0 expired offsets in 0 milliseconds. (kafka.coordinator.group.GroupMetadataManager)
